#-----------------------------------------------------------
# Vivado v2018.2 (64-bit)
# SW Build 2258646 on Thu Jun 14 20:03:12 MDT 2018
# IP Build 2256618 on Thu Jun 14 22:10:49 MDT 2018
# Start of session at: Sun Feb 25 18:13:21 2024
# Process ID: 23604
# Current directory: C:/Users/eunju/ECE/ece281-lab2/binaryHexDisp
# Command line: vivado.exe -gui_launcher_event rodinguilauncherevent19376 C:\Users\eunju\ECE\ece281-lab2\binaryHexDisp\binaryHexDisp.xpr
# Log file: C:/Users/eunju/ECE/ece281-lab2/binaryHexDisp/vivado.log
# Journal file: C:/Users/eunju/ECE/ece281-lab2/binaryHexDisp\vivado.jou
#-----------------------------------------------------------
start_gui
open_project C:/Users/eunju/ECE/ece281-lab2/binaryHexDisp/binaryHexDisp.xpr
Scanning sources...
Finished scanning sources
INFO: [IP_Flow 19-234] Refreshing IP repositories
INFO: [IP_Flow 19-1704] No user IP repositories specified
INFO: [IP_Flow 19-2313] Loaded Vivado IP repository 'C:/Xilinx/Vivado/2018.2/data/ip'.
update_compile_order -fileset sources_1
exit
INFO: [Common 17-206] Exiting Vivado at Sun Feb 25 18:26:45 2024...
